+ ./complex_sum/target/release/complex_sum ../TREE_GRM_ESTN.csv
4773723665564369000

real	0m30.187s
user	0m28.359s
sys	0m1.828s
+ python3 ./complex_sum.py ../TREE_GRM_ESTN.csv
4.773723665564369e+18

real	2m17.140s
user	2m15.348s
sys	0m1.792s
+ ../frawk -bcranelift -icsv 'function max(x,y) { return x<y?y:x; } "GS" == $8 { accum += (0.5*$1+0.5*max($4+0,$5+0))/1000.0 } END { print accum; }' ../TREE_GRM_ESTN.csv
4.773723665564369e18

real	0m29.852s
user	0m27.828s
sys	0m2.024s
+ ../frawk -bcranelift -icsv -pr 'function max(x,y) { return x<y?y:x; } "GS" == $8 { accum += (0.5*$1+0.5*max($4+0,$5+0))/1000.0 } END { print accum; }' ../TREE_GRM_ESTN.csv
4.773723665563392e18

real	0m10.006s
user	0m35.678s
sys	0m3.895s
+ ../frawk -bllvm -icsv 'function max(x,y) { return x<y?y:x; } "GS" == $8 { accum += (0.5*$1+0.5*max($4+0,$5+0))/1000.0 } END { print accum; }' ../TREE_GRM_ESTN.csv
4.773723665564369e18

real	0m28.373s
user	0m26.677s
sys	0m1.696s
+ ../frawk -bllvm -icsv -pr 'function max(x,y) { return x<y?y:x; } "GS" == $8 { accum += (0.5*$1+0.5*max($4+0,$5+0))/1000.0 } END { print accum; }' ../TREE_GRM_ESTN.csv
4.773723665563295e18

real	0m9.882s
user	0m35.176s
sys	0m3.783s
+ set +x
+ ./complex_sum/target/release/complex_sum ../TREE_GRM_ESTN.csv
4773723665564369000

real	0m30.114s
user	0m28.490s
sys	0m1.624s
+ python3 ./complex_sum.py ../TREE_GRM_ESTN.csv
4.773723665564369e+18

real	2m17.435s
user	2m15.418s
sys	0m2.016s
+ ../frawk -bcranelift -icsv 'function max(x,y) { return x<y?y:x; } "GS" == $8 { accum += (0.5*$1+0.5*max($4+0,$5+0))/1000.0 } END { print accum; }' ../TREE_GRM_ESTN.csv
4.773723665564369e18

real	0m29.621s
user	0m27.487s
sys	0m2.132s
+ ../frawk -bcranelift -icsv -pr 'function max(x,y) { return x<y?y:x; } "GS" == $8 { accum += (0.5*$1+0.5*max($4+0,$5+0))/1000.0 } END { print accum; }' ../TREE_GRM_ESTN.csv
4.773723665563306e18

real	0m9.859s
user	0m35.218s
sys	0m3.811s
+ ../frawk -bllvm -icsv 'function max(x,y) { return x<y?y:x; } "GS" == $8 { accum += (0.5*$1+0.5*max($4+0,$5+0))/1000.0 } END { print accum; }' ../TREE_GRM_ESTN.csv
4.773723665564369e18

real	0m28.431s
user	0m26.763s
sys	0m1.668s
+ ../frawk -bllvm -icsv -pr 'function max(x,y) { return x<y?y:x; } "GS" == $8 { accum += (0.5*$1+0.5*max($4+0,$5+0))/1000.0 } END { print accum; }' ../TREE_GRM_ESTN.csv
4.773723665563762e18

real	0m10.683s
user	0m39.235s
sys	0m6.841s
+ set +x
+ ./complex_sum/target/release/complex_sum ../TREE_GRM_ESTN.csv
4773723665564369000

real	0m30.259s
user	0m28.415s
sys	0m1.844s
+ python3 ./complex_sum.py ../TREE_GRM_ESTN.csv
4.773723665564369e+18

real	2m17.541s
user	2m15.715s
sys	0m1.824s
+ ../frawk -bcranelift -icsv 'function max(x,y) { return x<y?y:x; } "GS" == $8 { accum += (0.5*$1+0.5*max($4+0,$5+0))/1000.0 } END { print accum; }' ../TREE_GRM_ESTN.csv
4.773723665564369e18

real	0m29.481s
user	0m27.401s
sys	0m2.080s
+ ../frawk -bcranelift -icsv -pr 'function max(x,y) { return x<y?y:x; } "GS" == $8 { accum += (0.5*$1+0.5*max($4+0,$5+0))/1000.0 } END { print accum; }' ../TREE_GRM_ESTN.csv
4.773723665563101e18

real	0m10.421s
user	0m36.719s
sys	0m4.077s
+ ../frawk -bllvm -icsv 'function max(x,y) { return x<y?y:x; } "GS" == $8 { accum += (0.5*$1+0.5*max($4+0,$5+0))/1000.0 } END { print accum; }' ../TREE_GRM_ESTN.csv
4.773723665564369e18

real	0m28.730s
user	0m26.506s
sys	0m2.224s
+ ../frawk -bllvm -icsv -pr 'function max(x,y) { return x<y?y:x; } "GS" == $8 { accum += (0.5*$1+0.5*max($4+0,$5+0))/1000.0 } END { print accum; }' ../TREE_GRM_ESTN.csv
4.77372366556324e18

real	0m10.151s
user	0m35.452s
sys	0m4.183s
+ set +x
+ ./complex_sum/target/release/complex_sum ../TREE_GRM_ESTN.csv
4773723665564369000

real	0m30.293s
user	0m28.500s
sys	0m1.792s
+ python3 ./complex_sum.py ../TREE_GRM_ESTN.csv
4.773723665564369e+18

real	2m21.719s
user	2m19.909s
sys	0m1.808s
+ ../frawk -bcranelift -icsv 'function max(x,y) { return x<y?y:x; } "GS" == $8 { accum += (0.5*$1+0.5*max($4+0,$5+0))/1000.0 } END { print accum; }' ../TREE_GRM_ESTN.csv
4.773723665564369e18

real	0m29.424s
user	0m27.271s
sys	0m2.152s
+ ../frawk -bcranelift -icsv -pr 'function max(x,y) { return x<y?y:x; } "GS" == $8 { accum += (0.5*$1+0.5*max($4+0,$5+0))/1000.0 } END { print accum; }' ../TREE_GRM_ESTN.csv
4.773723665563312e18

real	0m9.843s
user	0m35.523s
sys	0m3.526s
+ ../frawk -bllvm -icsv 'function max(x,y) { return x<y?y:x; } "GS" == $8 { accum += (0.5*$1+0.5*max($4+0,$5+0))/1000.0 } END { print accum; }' ../TREE_GRM_ESTN.csv
4.773723665564369e18

real	0m28.357s
user	0m26.557s
sys	0m1.800s
+ ../frawk -bllvm -icsv -pr 'function max(x,y) { return x<y?y:x; } "GS" == $8 { accum += (0.5*$1+0.5*max($4+0,$5+0))/1000.0 } END { print accum; }' ../TREE_GRM_ESTN.csv
4.773723665563372e18

real	0m10.113s
user	0m35.721s
sys	0m4.004s
+ set +x
+ ./complex_sum/target/release/complex_sum ../TREE_GRM_ESTN.csv
4773723665564369000

real	0m29.913s
user	0m28.360s
sys	0m1.552s
+ python3 ./complex_sum.py ../TREE_GRM_ESTN.csv
4.773723665564369e+18

real	2m19.245s
user	2m17.254s
sys	0m1.988s
+ ../frawk -bcranelift -icsv 'function max(x,y) { return x<y?y:x; } "GS" == $8 { accum += (0.5*$1+0.5*max($4+0,$5+0))/1000.0 } END { print accum; }' ../TREE_GRM_ESTN.csv
4.773723665564369e18

real	0m29.614s
user	0m27.718s
sys	0m1.896s
+ ../frawk -bcranelift -icsv -pr 'function max(x,y) { return x<y?y:x; } "GS" == $8 { accum += (0.5*$1+0.5*max($4+0,$5+0))/1000.0 } END { print accum; }' ../TREE_GRM_ESTN.csv
4.773723665563321e18

real	0m9.902s
user	0m35.785s
sys	0m3.485s
+ ../frawk -bllvm -icsv 'function max(x,y) { return x<y?y:x; } "GS" == $8 { accum += (0.5*$1+0.5*max($4+0,$5+0))/1000.0 } END { print accum; }' ../TREE_GRM_ESTN.csv
4.773723665564369e18

real	0m29.416s
user	0m27.892s
sys	0m1.524s
+ ../frawk -bllvm -icsv -pr 'function max(x,y) { return x<y?y:x; } "GS" == $8 { accum += (0.5*$1+0.5*max($4+0,$5+0))/1000.0 } END { print accum; }' ../TREE_GRM_ESTN.csv
4.773723665563265e18

real	0m10.068s
user	0m35.608s
sys	0m3.979s
+ set +x
