+ mawk -F, '$4 > 0.000024 && $16 > 0.3' ./all_train.csv

real	0m10.179s
user	0m9.108s
sys	0m1.066s
+ mawk '-F\t' '$4 > 0.000024 && $16 > 0.3' ./all_train.tsv

real	0m10.079s
user	0m9.042s
sys	0m1.035s
+ gawk -F, '$4 > 0.000024 && $16 > 0.3' ./all_train.csv

real	0m17.228s
user	0m16.300s
sys	0m0.917s
+ gawk '-F\t' '$4 > 0.000024 && $16 > 0.3' ./all_train.tsv

real	0m18.053s
user	0m17.074s
sys	0m0.961s
+ frawk -icsv --out-file=/dev/null '$4 > 0.000024 && $16 > 0.3' ./all_train.csv

real	0m6.924s
user	0m6.203s
sys	0m0.714s
+ frawk -itsv --out-file=/dev/null '$4 > 0.000024 && $16 > 0.3' ./all_train.tsv

real	0m6.547s
user	0m5.860s
sys	0m0.683s
+ ./bin/tsv-filter -H --gt 4:0.000025 --gt 16:0.3 ./all_train.tsv

real	0m2.396s
user	0m1.948s
sys	0m0.448s
+ set +x
+ mawk -F, '$4 > 0.000024 && $16 > 0.3' ./all_train.csv

real	0m10.840s
user	0m9.688s
sys	0m1.143s
+ mawk '-F\t' '$4 > 0.000024 && $16 > 0.3' ./all_train.tsv

real	0m10.689s
user	0m9.570s
sys	0m1.113s
+ gawk -F, '$4 > 0.000024 && $16 > 0.3' ./all_train.csv

real	0m17.834s
user	0m16.867s
sys	0m0.958s
+ gawk '-F\t' '$4 > 0.000024 && $16 > 0.3' ./all_train.tsv

real	0m17.750s
user	0m16.808s
sys	0m0.935s
+ frawk -icsv --out-file=/dev/null '$4 > 0.000024 && $16 > 0.3' ./all_train.csv

real	0m7.090s
user	0m6.337s
sys	0m0.746s
+ frawk -itsv --out-file=/dev/null '$4 > 0.000024 && $16 > 0.3' ./all_train.tsv

real	0m6.738s
user	0m6.014s
sys	0m0.720s
+ ./bin/tsv-filter -H --gt 4:0.000025 --gt 16:0.3 ./all_train.tsv

real	0m2.355s
user	0m1.921s
sys	0m0.433s
+ set +x
+ mawk -F, '$4 > 0.000024 && $16 > 0.3' ./all_train.csv

real	0m10.790s
user	0m9.652s
sys	0m1.131s
+ mawk '-F\t' '$4 > 0.000024 && $16 > 0.3' ./all_train.tsv

real	0m10.782s
user	0m9.655s
sys	0m1.121s
+ gawk -F, '$4 > 0.000024 && $16 > 0.3' ./all_train.csv

real	0m17.959s
user	0m16.981s
sys	0m0.966s
+ gawk '-F\t' '$4 > 0.000024 && $16 > 0.3' ./all_train.tsv

real	0m17.482s
user	0m16.556s
sys	0m0.920s
+ frawk -icsv --out-file=/dev/null '$4 > 0.000024 && $16 > 0.3' ./all_train.csv

real	0m7.130s
user	0m6.386s
sys	0m0.736s
+ frawk -itsv --out-file=/dev/null '$4 > 0.000024 && $16 > 0.3' ./all_train.tsv

real	0m6.666s
user	0m5.955s
sys	0m0.704s
+ ./bin/tsv-filter -H --gt 4:0.000025 --gt 16:0.3 ./all_train.tsv

real	0m2.423s
user	0m1.966s
sys	0m0.455s
+ set +x
+ mawk -F, '$4 > 0.000024 && $16 > 0.3' ./all_train.csv

real	0m10.824s
user	0m9.682s
sys	0m1.135s
+ mawk '-F\t' '$4 > 0.000024 && $16 > 0.3' ./all_train.tsv

real	0m10.924s
user	0m9.768s
sys	0m1.146s
+ gawk -F, '$4 > 0.000024 && $16 > 0.3' ./all_train.csv

real	0m18.071s
user	0m17.080s
sys	0m0.977s
+ gawk '-F\t' '$4 > 0.000024 && $16 > 0.3' ./all_train.tsv

real	0m18.045s
user	0m17.074s
sys	0m0.956s
+ frawk -icsv --out-file=/dev/null '$4 > 0.000024 && $16 > 0.3' ./all_train.csv

real	0m6.974s
user	0m6.249s
sys	0m0.721s
+ frawk -itsv --out-file=/dev/null '$4 > 0.000024 && $16 > 0.3' ./all_train.tsv

real	0m6.779s
user	0m6.057s
sys	0m0.714s
+ ./bin/tsv-filter -H --gt 4:0.000025 --gt 16:0.3 ./all_train.tsv

real	0m2.377s
user	0m1.934s
sys	0m0.443s
+ set +x
+ mawk -F, '$4 > 0.000024 && $16 > 0.3' ./all_train.csv

real	0m10.752s
user	0m9.625s
sys	0m1.121s
+ mawk '-F\t' '$4 > 0.000024 && $16 > 0.3' ./all_train.tsv

real	0m10.728s
user	0m9.615s
sys	0m1.106s
+ gawk -F, '$4 > 0.000024 && $16 > 0.3' ./all_train.csv

real	0m18.032s
user	0m17.052s
sys	0m0.967s
+ gawk '-F\t' '$4 > 0.000024 && $16 > 0.3' ./all_train.tsv

real	0m17.720s
user	0m16.783s
sys	0m0.928s
+ frawk -icsv --out-file=/dev/null '$4 > 0.000024 && $16 > 0.3' ./all_train.csv

real	0m6.839s
user	0m6.136s
sys	0m0.699s
+ frawk -itsv --out-file=/dev/null '$4 > 0.000024 && $16 > 0.3' ./all_train.tsv

real	0m6.676s
user	0m5.966s
sys	0m0.702s
+ ./bin/tsv-filter -H --gt 4:0.000025 --gt 16:0.3 ./all_train.tsv

real	0m2.370s
user	0m1.931s
sys	0m0.438s
+ set +x
