+ mawk '-F\t' -f /var/folders/lk/z180jcy521q16mmx05sxfwh00000gn/T/tmp.weyAR7d9 ./TREE_GRM_ESTN.tsv
FORESTLAND	29.7952
TIMBERLAND	29.1807

real	0m44.458s
user	0m42.878s
sys	0m1.572s
+ gawk '-F\t' -f /var/folders/lk/z180jcy521q16mmx05sxfwh00000gn/T/tmp.weyAR7d9 ./TREE_GRM_ESTN.tsv
TIMBERLAND	29.1807
FORESTLAND	29.7952

real	0m29.093s
user	0m27.698s
sys	0m1.391s
+ frawk -itsv -f /var/folders/lk/z180jcy521q16mmx05sxfwh00000gn/T/tmp.weyAR7d9 ./TREE_GRM_ESTN.tsv
TIMBERLAND	29.180709997271897
FORESTLAND	29.795231197974125

real	0m16.896s
user	0m15.855s
sys	0m1.038s
+ frawk -icsv -f /var/folders/lk/z180jcy521q16mmx05sxfwh00000gn/T/tmp.weyAR7d9 ./TREE_GRM_ESTN.csv
TIMBERLAND	29.180709997271897
FORESTLAND	29.795231197974125

real	0m19.797s
user	0m18.592s
sys	0m1.199s
+ ./bin/tsv-summarize -H --group-by 6 --mean 2 ./TREE_GRM_ESTN.tsv
LAND_BASIS	STATECD_mean
TIMBERLAND	29.1807099973
FORESTLAND	29.795231198

real	0m5.011s
user	0m4.323s
sys	0m0.687s
+ set +x
+ mawk '-F\t' -f /var/folders/lk/z180jcy521q16mmx05sxfwh00000gn/T/tmp.weyAR7d9 ./TREE_GRM_ESTN.tsv
FORESTLAND	29.7952
TIMBERLAND	29.1807

real	0m44.268s
user	0m42.698s
sys	0m1.563s
+ gawk '-F\t' -f /var/folders/lk/z180jcy521q16mmx05sxfwh00000gn/T/tmp.weyAR7d9 ./TREE_GRM_ESTN.tsv
TIMBERLAND	29.1807
FORESTLAND	29.7952

real	0m29.468s
user	0m28.067s
sys	0m1.394s
+ frawk -itsv -f /var/folders/lk/z180jcy521q16mmx05sxfwh00000gn/T/tmp.weyAR7d9 ./TREE_GRM_ESTN.tsv
TIMBERLAND	29.180709997271897
FORESTLAND	29.795231197974125

real	0m16.914s
user	0m15.864s
sys	0m1.047s
+ frawk -icsv -f /var/folders/lk/z180jcy521q16mmx05sxfwh00000gn/T/tmp.weyAR7d9 ./TREE_GRM_ESTN.csv
TIMBERLAND	29.180709997271897
FORESTLAND	29.795231197974125

real	0m19.508s
user	0m18.345s
sys	0m1.161s
+ ./bin/tsv-summarize -H --group-by 6 --mean 2 ./TREE_GRM_ESTN.tsv
LAND_BASIS	STATECD_mean
TIMBERLAND	29.1807099973
FORESTLAND	29.795231198

real	0m4.929s
user	0m4.260s
sys	0m0.670s
+ set +x
+ mawk '-F\t' -f /var/folders/lk/z180jcy521q16mmx05sxfwh00000gn/T/tmp.weyAR7d9 ./TREE_GRM_ESTN.tsv
FORESTLAND	29.7952
TIMBERLAND	29.1807

real	0m44.347s
user	0m42.807s
sys	0m1.537s
+ gawk '-F\t' -f /var/folders/lk/z180jcy521q16mmx05sxfwh00000gn/T/tmp.weyAR7d9 ./TREE_GRM_ESTN.tsv
TIMBERLAND	29.1807
FORESTLAND	29.7952

real	0m29.707s
user	0m28.271s
sys	0m1.418s
+ frawk -itsv -f /var/folders/lk/z180jcy521q16mmx05sxfwh00000gn/T/tmp.weyAR7d9 ./TREE_GRM_ESTN.tsv
TIMBERLAND	29.180709997271897
FORESTLAND	29.795231197974125

real	0m16.864s
user	0m15.828s
sys	0m1.034s
+ frawk -icsv -f /var/folders/lk/z180jcy521q16mmx05sxfwh00000gn/T/tmp.weyAR7d9 ./TREE_GRM_ESTN.csv
TIMBERLAND	29.180709997271897
FORESTLAND	29.795231197974125

real	0m19.409s
user	0m18.246s
sys	0m1.160s
+ ./bin/tsv-summarize -H --group-by 6 --mean 2 ./TREE_GRM_ESTN.tsv
LAND_BASIS	STATECD_mean
TIMBERLAND	29.1807099973
FORESTLAND	29.795231198

real	0m4.947s
user	0m4.278s
sys	0m0.671s
+ set +x
+ mawk '-F\t' -f /var/folders/lk/z180jcy521q16mmx05sxfwh00000gn/T/tmp.weyAR7d9 ./TREE_GRM_ESTN.tsv
FORESTLAND	29.7952
TIMBERLAND	29.1807

real	0m43.816s
user	0m42.252s
sys	0m1.561s
+ gawk '-F\t' -f /var/folders/lk/z180jcy521q16mmx05sxfwh00000gn/T/tmp.weyAR7d9 ./TREE_GRM_ESTN.tsv
TIMBERLAND	29.1807
FORESTLAND	29.7952

real	0m28.959s
user	0m27.598s
sys	0m1.357s
+ frawk -itsv -f /var/folders/lk/z180jcy521q16mmx05sxfwh00000gn/T/tmp.weyAR7d9 ./TREE_GRM_ESTN.tsv
TIMBERLAND	29.180709997271897
FORESTLAND	29.795231197974125

real	0m16.915s
user	0m15.869s
sys	0m1.042s
+ frawk -icsv -f /var/folders/lk/z180jcy521q16mmx05sxfwh00000gn/T/tmp.weyAR7d9 ./TREE_GRM_ESTN.csv
TIMBERLAND	29.180709997271897
FORESTLAND	29.795231197974125

real	0m19.426s
user	0m18.265s
sys	0m1.158s
+ ./bin/tsv-summarize -H --group-by 6 --mean 2 ./TREE_GRM_ESTN.tsv
LAND_BASIS	STATECD_mean
TIMBERLAND	29.1807099973
FORESTLAND	29.795231198

real	0m4.921s
user	0m4.258s
sys	0m0.665s
+ set +x
+ mawk '-F\t' -f /var/folders/lk/z180jcy521q16mmx05sxfwh00000gn/T/tmp.weyAR7d9 ./TREE_GRM_ESTN.tsv
FORESTLAND	29.7952
TIMBERLAND	29.1807

real	0m43.839s
user	0m42.301s
sys	0m1.536s
+ gawk '-F\t' -f /var/folders/lk/z180jcy521q16mmx05sxfwh00000gn/T/tmp.weyAR7d9 ./TREE_GRM_ESTN.tsv
TIMBERLAND	29.1807
FORESTLAND	29.7952

real	0m29.792s
user	0m28.412s
sys	0m1.376s
+ frawk -itsv -f /var/folders/lk/z180jcy521q16mmx05sxfwh00000gn/T/tmp.weyAR7d9 ./TREE_GRM_ESTN.tsv
TIMBERLAND	29.180709997271897
FORESTLAND	29.795231197974125

real	0m16.802s
user	0m15.769s
sys	0m1.029s
+ frawk -icsv -f /var/folders/lk/z180jcy521q16mmx05sxfwh00000gn/T/tmp.weyAR7d9 ./TREE_GRM_ESTN.csv
TIMBERLAND	29.180709997271897
FORESTLAND	29.795231197974125

real	0m19.424s
user	0m18.266s
sys	0m1.155s
+ ./bin/tsv-summarize -H --group-by 6 --mean 2 ./TREE_GRM_ESTN.tsv
LAND_BASIS	STATECD_mean
TIMBERLAND	29.1807099973
FORESTLAND	29.795231198

real	0m5.328s
user	0m4.662s
sys	0m0.667s
+ set +x
