+ mawk '-F\t' -f /var/folders/lk/z180jcy521q16mmx05sxfwh00000gn/T/tmp.6gkH4RdB ../TREE_GRM_ESTN.tsv
field sum min max min_length max_length mean stddev
TRE_CN 9.02202e+21 2.22295e+12 7.33769e+14 13 15 2.48283e+14 1.80596e+14
LAND_BASIS NA FORESTLAND TIMBERLAND 10 10 NA NA

real	1m14.274s
user	1m12.710s
sys	0m1.555s
+ gawk '-F\t' -f /var/folders/lk/z180jcy521q16mmx05sxfwh00000gn/T/tmp.6gkH4RdB ../TREE_GRM_ESTN.tsv
field sum min max min_length max_length mean stddev
TRE_CN 9022023868854687498240 2222953010690 733769247290487 13 15 2.48283e+14 1.80596e+14
LAND_BASIS NA FORESTLAND TIMBERLAND 10 10 NA NA

real	1m35.090s
user	1m33.630s
sys	0m1.449s
+ frawk -itsv -f /var/folders/lk/z180jcy521q16mmx05sxfwh00000gn/T/tmp.6gkH4RdB ../TREE_GRM_ESTN.tsv
field sum min max min_length max_length mean stddev
TRE_CN 9.022023868854687e21 2222953010690.0 733769247290487.0 13 15 248282826052518.47 180596230748189.72
LAND_BASIS NA FORESTLAND TIMBERLAND 10 10 NA NA

real	0m15.612s
user	0m14.626s
sys	0m0.983s
+ frawk -icsv -f /var/folders/lk/z180jcy521q16mmx05sxfwh00000gn/T/tmp.6gkH4RdB ../TREE_GRM_ESTN.csv
field sum min max min_length max_length mean stddev
TRE_CN 9.022023868854687e21 2222953010690.0 733769247290487.0 13 15 248282826052518.47 180596230748189.72
LAND_BASIS NA FORESTLAND TIMBERLAND 10 10 NA NA

real	0m19.347s
user	0m18.226s
sys	0m1.118s
+ xsv stats -s5,6 ../TREE_GRM_ESTN.csv
field,type,sum,min,max,min_length,max_length,mean,stddev
TRE_CN,Integer,1566016807328529198,2222953010690,733769247290487,13,15,248282826052421.97,180596228263218.22
LAND_BASIS,Unicode,,FORESTLAND,TIMBERLAND,10,10,,

real	0m35.096s
user	0m33.983s
sys	0m1.104s
+ xsv stats -s5,6 '-d\t' ../TREE_GRM_ESTN.tsv
field,type,sum,min,max,min_length,max_length,mean,stddev
TRE_CN,Integer,1566016807328529198,2222953010690,733769247290487,13,15,248282826052421.97,180596228263218.22
LAND_BASIS,Unicode,,FORESTLAND,TIMBERLAND,10,10,,

real	0m40.806s
user	0m33.171s
sys	0m1.014s
+ ../bin/tsv-summarize -H --sum 5 --mean 5 --min 5 --max 5 --stdev 5 --mean 5 ../TREE_GRM_ESTN.tsv
TRE_CN_sum	TRE_CN_mean	TRE_CN_min	TRE_CN_max	TRE_CN_stdev	TRE_CN_mean
9.02202386885e+21	2.48282826053e+14	2222953010690	733769247290487	1.80596230748e+14	2.48282826053e+14

real	0m11.067s
user	0m10.435s
sys	0m0.630s
+ set +x
+ mawk '-F\t' -f /var/folders/lk/z180jcy521q16mmx05sxfwh00000gn/T/tmp.6gkH4RdB ../TREE_GRM_ESTN.tsv
field sum min max min_length max_length mean stddev
TRE_CN 9.02202e+21 2.22295e+12 7.33769e+14 13 15 2.48283e+14 1.80596e+14
LAND_BASIS NA FORESTLAND TIMBERLAND 10 10 NA NA

real	1m14.094s
user	1m12.525s
sys	0m1.559s
+ gawk '-F\t' -f /var/folders/lk/z180jcy521q16mmx05sxfwh00000gn/T/tmp.6gkH4RdB ../TREE_GRM_ESTN.tsv
field sum min max min_length max_length mean stddev
TRE_CN 9022023868854687498240 2222953010690 733769247290487 13 15 2.48283e+14 1.80596e+14
LAND_BASIS NA FORESTLAND TIMBERLAND 10 10 NA NA

real	1m38.947s
user	1m37.412s
sys	0m1.510s
+ frawk -itsv -f /var/folders/lk/z180jcy521q16mmx05sxfwh00000gn/T/tmp.6gkH4RdB ../TREE_GRM_ESTN.tsv
field sum min max min_length max_length mean stddev
TRE_CN 9.022023868854687e21 2222953010690.0 733769247290487.0 13 15 248282826052518.47 180596230748189.72
LAND_BASIS NA FORESTLAND TIMBERLAND 10 10 NA NA

real	0m15.775s
user	0m14.766s
sys	0m1.003s
+ frawk -icsv -f /var/folders/lk/z180jcy521q16mmx05sxfwh00000gn/T/tmp.6gkH4RdB ../TREE_GRM_ESTN.csv
field sum min max min_length max_length mean stddev
TRE_CN 9.022023868854687e21 2222953010690.0 733769247290487.0 13 15 248282826052518.47 180596230748189.72
LAND_BASIS NA FORESTLAND TIMBERLAND 10 10 NA NA

real	0m19.402s
user	0m18.268s
sys	0m1.131s
+ xsv stats -s5,6 ../TREE_GRM_ESTN.csv
field,type,sum,min,max,min_length,max_length,mean,stddev
TRE_CN,Integer,1566016807328529198,2222953010690,733769247290487,13,15,248282826052421.97,180596228263218.22
LAND_BASIS,Unicode,,FORESTLAND,TIMBERLAND,10,10,,

real	0m35.410s
user	0m34.281s
sys	0m1.123s
+ xsv stats -s5,6 '-d\t' ../TREE_GRM_ESTN.tsv
field,type,sum,min,max,min_length,max_length,mean,stddev
TRE_CN,Integer,1566016807328529198,2222953010690,733769247290487,13,15,248282826052421.97,180596228263218.22
LAND_BASIS,Unicode,,FORESTLAND,TIMBERLAND,10,10,,

real	0m33.523s
user	0m32.527s
sys	0m0.990s
+ ../bin/tsv-summarize -H --sum 5 --mean 5 --min 5 --max 5 --stdev 5 --mean 5 ../TREE_GRM_ESTN.tsv
TRE_CN_sum	TRE_CN_mean	TRE_CN_min	TRE_CN_max	TRE_CN_stdev	TRE_CN_mean
9.02202386885e+21	2.48282826053e+14	2222953010690	733769247290487	1.80596230748e+14	2.48282826053e+14

real	0m11.206s
user	0m10.548s
sys	0m0.651s
+ set +x
+ mawk '-F\t' -f /var/folders/lk/z180jcy521q16mmx05sxfwh00000gn/T/tmp.6gkH4RdB ../TREE_GRM_ESTN.tsv
field sum min max min_length max_length mean stddev
TRE_CN 9.02202e+21 2.22295e+12 7.33769e+14 13 15 2.48283e+14 1.80596e+14
LAND_BASIS NA FORESTLAND TIMBERLAND 10 10 NA NA

real	1m15.582s
user	1m13.943s
sys	0m1.617s
+ gawk '-F\t' -f /var/folders/lk/z180jcy521q16mmx05sxfwh00000gn/T/tmp.6gkH4RdB ../TREE_GRM_ESTN.tsv
field sum min max min_length max_length mean stddev
TRE_CN 9022023868854687498240 2222953010690 733769247290487 13 15 2.48283e+14 1.80596e+14
LAND_BASIS NA FORESTLAND TIMBERLAND 10 10 NA NA

real	2m20.499s
user	1m39.213s
sys	0m1.579s
+ frawk -itsv -f /var/folders/lk/z180jcy521q16mmx05sxfwh00000gn/T/tmp.6gkH4RdB ../TREE_GRM_ESTN.tsv
field sum min max min_length max_length mean stddev
TRE_CN 9.022023868854687e21 2222953010690.0 733769247290487.0 13 15 248282826052518.47 180596230748189.72
LAND_BASIS NA FORESTLAND TIMBERLAND 10 10 NA NA

real	0m15.974s
user	0m14.933s
sys	0m1.031s
+ frawk -icsv -f /var/folders/lk/z180jcy521q16mmx05sxfwh00000gn/T/tmp.6gkH4RdB ../TREE_GRM_ESTN.csv
field sum min max min_length max_length mean stddev
TRE_CN 9.022023868854687e21 2222953010690.0 733769247290487.0 13 15 248282826052518.47 180596230748189.72
LAND_BASIS NA FORESTLAND TIMBERLAND 10 10 NA NA

real	0m19.602s
user	0m18.426s
sys	0m1.169s
+ xsv stats -s5,6 ../TREE_GRM_ESTN.csv
field,type,sum,min,max,min_length,max_length,mean,stddev
TRE_CN,Integer,1566016807328529198,2222953010690,733769247290487,13,15,248282826052421.97,180596228263218.22
LAND_BASIS,Unicode,,FORESTLAND,TIMBERLAND,10,10,,

real	0m37.081s
user	0m35.932s
sys	0m1.142s
+ xsv stats -s5,6 '-d\t' ../TREE_GRM_ESTN.tsv
field,type,sum,min,max,min_length,max_length,mean,stddev
TRE_CN,Integer,1566016807328529198,2222953010690,733769247290487,13,15,248282826052421.97,180596228263218.22
LAND_BASIS,Unicode,,FORESTLAND,TIMBERLAND,10,10,,

real	0m33.654s
user	0m32.663s
sys	0m0.983s
+ ../bin/tsv-summarize -H --sum 5 --mean 5 --min 5 --max 5 --stdev 5 --mean 5 ../TREE_GRM_ESTN.tsv
TRE_CN_sum	TRE_CN_mean	TRE_CN_min	TRE_CN_max	TRE_CN_stdev	TRE_CN_mean
9.02202386885e+21	2.48282826053e+14	2222953010690	733769247290487	1.80596230748e+14	2.48282826053e+14

real	0m11.162s
user	0m10.518s
sys	0m0.643s
+ set +x
+ mawk '-F\t' -f /var/folders/lk/z180jcy521q16mmx05sxfwh00000gn/T/tmp.6gkH4RdB ../TREE_GRM_ESTN.tsv
field sum min max min_length max_length mean stddev
TRE_CN 9.02202e+21 2.22295e+12 7.33769e+14 13 15 2.48283e+14 1.80596e+14
LAND_BASIS NA FORESTLAND TIMBERLAND 10 10 NA NA

real	1m14.151s
user	1m12.559s
sys	0m1.580s
+ gawk '-F\t' -f /var/folders/lk/z180jcy521q16mmx05sxfwh00000gn/T/tmp.6gkH4RdB ../TREE_GRM_ESTN.tsv
field sum min max min_length max_length mean stddev
TRE_CN 9022023868854687498240 2222953010690 733769247290487 13 15 2.48283e+14 1.80596e+14
LAND_BASIS NA FORESTLAND TIMBERLAND 10 10 NA NA

real	1m37.238s
user	1m35.710s
sys	0m1.514s
+ frawk -itsv -f /var/folders/lk/z180jcy521q16mmx05sxfwh00000gn/T/tmp.6gkH4RdB ../TREE_GRM_ESTN.tsv
field sum min max min_length max_length mean stddev
TRE_CN 9.022023868854687e21 2222953010690.0 733769247290487.0 13 15 248282826052518.47 180596230748189.72
LAND_BASIS NA FORESTLAND TIMBERLAND 10 10 NA NA

real	0m17.215s
user	0m16.216s
sys	0m0.992s
+ frawk -icsv -f /var/folders/lk/z180jcy521q16mmx05sxfwh00000gn/T/tmp.6gkH4RdB ../TREE_GRM_ESTN.csv
field sum min max min_length max_length mean stddev
TRE_CN 9.022023868854687e21 2222953010690.0 733769247290487.0 13 15 248282826052518.47 180596230748189.72
LAND_BASIS NA FORESTLAND TIMBERLAND 10 10 NA NA

real	0m19.609s
user	0m18.454s
sys	0m1.147s
+ xsv stats -s5,6 ../TREE_GRM_ESTN.csv
field,type,sum,min,max,min_length,max_length,mean,stddev
TRE_CN,Integer,1566016807328529198,2222953010690,733769247290487,13,15,248282826052421.97,180596228263218.22
LAND_BASIS,Unicode,,FORESTLAND,TIMBERLAND,10,10,,

real	0m35.583s
user	0m34.444s
sys	0m1.132s
+ xsv stats -s5,6 '-d\t' ../TREE_GRM_ESTN.tsv
field,type,sum,min,max,min_length,max_length,mean,stddev
TRE_CN,Integer,1566016807328529198,2222953010690,733769247290487,13,15,248282826052421.97,180596228263218.22
LAND_BASIS,Unicode,,FORESTLAND,TIMBERLAND,10,10,,

real	0m33.693s
user	0m32.696s
sys	0m0.990s
+ ../bin/tsv-summarize -H --sum 5 --mean 5 --min 5 --max 5 --stdev 5 --mean 5 ../TREE_GRM_ESTN.tsv
TRE_CN_sum	TRE_CN_mean	TRE_CN_min	TRE_CN_max	TRE_CN_stdev	TRE_CN_mean
9.02202386885e+21	2.48282826053e+14	2222953010690	733769247290487	1.80596230748e+14	2.48282826053e+14

real	0m11.243s
user	0m10.593s
sys	0m0.649s
+ set +x
+ mawk '-F\t' -f /var/folders/lk/z180jcy521q16mmx05sxfwh00000gn/T/tmp.6gkH4RdB ../TREE_GRM_ESTN.tsv
field sum min max min_length max_length mean stddev
TRE_CN 9.02202e+21 2.22295e+12 7.33769e+14 13 15 2.48283e+14 1.80596e+14
LAND_BASIS NA FORESTLAND TIMBERLAND 10 10 NA NA

real	1m14.797s
user	1m13.205s
sys	0m1.578s
+ gawk '-F\t' -f /var/folders/lk/z180jcy521q16mmx05sxfwh00000gn/T/tmp.6gkH4RdB ../TREE_GRM_ESTN.tsv
field sum min max min_length max_length mean stddev
TRE_CN 9022023868854687498240 2222953010690 733769247290487 13 15 2.48283e+14 1.80596e+14
LAND_BASIS NA FORESTLAND TIMBERLAND 10 10 NA NA

real	1m36.345s
user	1m34.845s
sys	0m1.486s
+ frawk -itsv -f /var/folders/lk/z180jcy521q16mmx05sxfwh00000gn/T/tmp.6gkH4RdB ../TREE_GRM_ESTN.tsv
field sum min max min_length max_length mean stddev
TRE_CN 9.022023868854687e21 2222953010690.0 733769247290487.0 13 15 248282826052518.47 180596230748189.72
LAND_BASIS NA FORESTLAND TIMBERLAND 10 10 NA NA

real	0m15.955s
user	0m14.947s
sys	0m1.001s
+ frawk -icsv -f /var/folders/lk/z180jcy521q16mmx05sxfwh00000gn/T/tmp.6gkH4RdB ../TREE_GRM_ESTN.csv
field sum min max min_length max_length mean stddev
TRE_CN 9.022023868854687e21 2222953010690.0 733769247290487.0 13 15 248282826052518.47 180596230748189.72
LAND_BASIS NA FORESTLAND TIMBERLAND 10 10 NA NA

real	0m19.511s
user	0m18.345s
sys	0m1.157s
+ xsv stats -s5,6 ../TREE_GRM_ESTN.csv
field,type,sum,min,max,min_length,max_length,mean,stddev
TRE_CN,Integer,1566016807328529198,2222953010690,733769247290487,13,15,248282826052421.97,180596228263218.22
LAND_BASIS,Unicode,,FORESTLAND,TIMBERLAND,10,10,,

real	0m35.331s
user	0m34.190s
sys	0m1.137s
+ xsv stats -s5,6 '-d\t' ../TREE_GRM_ESTN.tsv
field,type,sum,min,max,min_length,max_length,mean,stddev
TRE_CN,Integer,1566016807328529198,2222953010690,733769247290487,13,15,248282826052421.97,180596228263218.22
LAND_BASIS,Unicode,,FORESTLAND,TIMBERLAND,10,10,,

real	0m33.344s
user	0m32.354s
sys	0m0.987s
+ ../bin/tsv-summarize -H --sum 5 --mean 5 --min 5 --max 5 --stdev 5 --mean 5 ../TREE_GRM_ESTN.tsv
TRE_CN_sum	TRE_CN_mean	TRE_CN_min	TRE_CN_max	TRE_CN_stdev	TRE_CN_mean
9.02202386885e+21	2.48282826053e+14	2222953010690	733769247290487	1.80596230748e+14	2.48282826053e+14

real	0m11.077s
user	0m10.437s
sys	0m0.638s
+ set +x
