+ mawk -F, '{sum1 += $6; sum2 += $18;} END { print sum1,sum2}' ./all_train.csv
-735.018 -3875.32

real	0m11.069s
user	0m9.982s
sys	0m1.083s
+ mawk '-F\t' '{sum1 += $4; sum2 += $5;} END { print sum1,sum2}' ./TREE_GRM_ESTN.tsv
6.26983e+21 9.02202e+21

real	0m42.745s
user	0m41.189s
sys	0m1.551s
+ mawk '-F\t' '{sum1 += $6; sum2 += $18;} END { print sum1,sum2}' ./all_train.tsv
-735.018 -3875.32

real	0m10.970s
user	0m9.915s
sys	0m1.052s
+ gawk -F, '{sum1 += $6; sum2 += $18;} END { print sum1,sum2}' ./all_train.csv
-735.018 -3875.32

real	0m25.985s
user	0m25.091s
sys	0m0.889s
+ gawk '-F\t' '{sum1 += $6; sum2 += $18;} END { print sum1,sum2}' ./all_train.tsv
-735.018 -3875.32

real	0m25.802s
user	0m24.914s
sys	0m0.884s
+ gawk '-F\t' '{sum1 += $4; sum2 += $5;} END { print sum1,sum2}' ./TREE_GRM_ESTN.tsv
6269827758986837884928 9022023868854687498240

real	0m24.117s
user	0m22.762s
sys	0m1.350s
+ ./bin/tsv-summarize -H --sum 6,18 ./all_train.tsv
f4_sum	f16_sum
-735.018072245	-3875.32465696

real	0m2.668s
user	0m2.240s
sys	0m0.419s
+ ./bin/tsv-summarize -H --sum 4,5 ./TREE_GRM_ESTN.tsv
PLT_CN_sum	TRE_CN_sum
6.26982775899e+21	9.02202386885e+21

real	0m6.061s
user	0m5.393s
sys	0m0.668s
+ frawk -icsv '{sum1 += $6; sum2 += $18;} END { print sum1,sum2}' ./all_train.csv
-735.0180722446389 -3875.324656955831

real	0m9.280s
user	0m8.489s
sys	0m0.711s
+ frawk -icsv '{sum1 += $4; sum2 += $5;} END { print sum1,sum2}' ./TREE_GRM_ESTN.csv
6.269827758986838e21 9.022023868854687e21

real	0m17.333s
user	0m16.173s
sys	0m1.158s
+ frawk -itsv '{sum1 += $6; sum2 += $18;} END { print sum1,sum2}' ./all_train.tsv
-735.0180722446389 -3875.324656955831

real	0m7.433s
user	0m6.759s
sys	0m0.670s
+ frawk -itsv '{sum1 += $4; sum2 += $5;} END { print sum1,sum2}' ./TREE_GRM_ESTN.tsv
6.269827758986838e21 9.022023868854687e21

real	0m14.146s
user	0m13.103s
sys	0m1.040s
+ set +x
+ mawk -F, '{sum1 += $6; sum2 += $18;} END { print sum1,sum2}' ./all_train.csv
-735.018 -3875.32

real	0m11.324s
user	0m10.281s
sys	0m1.040s
+ mawk '-F\t' '{sum1 += $4; sum2 += $5;} END { print sum1,sum2}' ./TREE_GRM_ESTN.tsv
6.26983e+21 9.02202e+21

real	0m42.753s
user	0m41.211s
sys	0m1.536s
+ mawk '-F\t' '{sum1 += $6; sum2 += $18;} END { print sum1,sum2}' ./all_train.tsv
-735.018 -3875.32

real	0m10.928s
user	0m9.867s
sys	0m1.057s
+ gawk -F, '{sum1 += $6; sum2 += $18;} END { print sum1,sum2}' ./all_train.csv
-735.018 -3875.32

real	0m25.813s
user	0m24.917s
sys	0m0.893s
+ gawk '-F\t' '{sum1 += $6; sum2 += $18;} END { print sum1,sum2}' ./all_train.tsv
-735.018 -3875.32

real	0m25.956s
user	0m25.068s
sys	0m0.883s
+ gawk '-F\t' '{sum1 += $4; sum2 += $5;} END { print sum1,sum2}' ./TREE_GRM_ESTN.tsv
6269827758986837884928 9022023868854687498240

real	0m24.168s
user	0m22.813s
sys	0m1.350s
+ ./bin/tsv-summarize -H --sum 6,18 ./all_train.tsv
f4_sum	f16_sum
-735.018072245	-3875.32465696

real	0m2.648s
user	0m2.231s
sys	0m0.416s
+ ./bin/tsv-summarize -H --sum 4,5 ./TREE_GRM_ESTN.tsv
PLT_CN_sum	TRE_CN_sum
6.26982775899e+21	9.02202386885e+21

real	0m6.000s
user	0m5.336s
sys	0m0.664s
+ frawk -icsv '{sum1 += $6; sum2 += $18;} END { print sum1,sum2}' ./all_train.csv
-735.0180722446389 -3875.324656955831

real	0m7.569s
user	0m6.891s
sys	0m0.675s
+ frawk -icsv '{sum1 += $4; sum2 += $5;} END { print sum1,sum2}' ./TREE_GRM_ESTN.csv
6.269827758986838e21 9.022023868854687e21

real	0m17.227s
user	0m16.073s
sys	0m1.150s
+ frawk -itsv '{sum1 += $6; sum2 += $18;} END { print sum1,sum2}' ./all_train.tsv
-735.0180722446389 -3875.324656955831

real	0m7.502s
user	0m6.822s
sys	0m0.674s
+ frawk -itsv '{sum1 += $4; sum2 += $5;} END { print sum1,sum2}' ./TREE_GRM_ESTN.tsv
6.269827758986838e21 9.022023868854687e21

real	0m14.185s
user	0m13.151s
sys	0m1.030s
+ set +x
+ mawk -F, '{sum1 += $6; sum2 += $18;} END { print sum1,sum2}' ./all_train.csv
-735.018 -3875.32

real	0m10.911s
user	0m9.833s
sys	0m1.075s
+ mawk '-F\t' '{sum1 += $4; sum2 += $5;} END { print sum1,sum2}' ./TREE_GRM_ESTN.tsv
6.26983e+21 9.02202e+21

real	0m43.716s
user	0m42.162s
sys	0m1.550s
+ mawk '-F\t' '{sum1 += $6; sum2 += $18;} END { print sum1,sum2}' ./all_train.tsv
-735.018 -3875.32

real	0m10.943s
user	0m9.886s
sys	0m1.054s
+ gawk -F, '{sum1 += $6; sum2 += $18;} END { print sum1,sum2}' ./all_train.csv
-735.018 -3875.32

real	0m25.817s
user	0m24.918s
sys	0m0.894s
+ gawk '-F\t' '{sum1 += $6; sum2 += $18;} END { print sum1,sum2}' ./all_train.tsv
-735.018 -3875.32

real	0m25.892s
user	0m25.006s
sys	0m0.882s
+ gawk '-F\t' '{sum1 += $4; sum2 += $5;} END { print sum1,sum2}' ./TREE_GRM_ESTN.tsv
6269827758986837884928 9022023868854687498240

real	0m24.144s
user	0m22.785s
sys	0m1.355s
+ ./bin/tsv-summarize -H --sum 6,18 ./all_train.tsv
f4_sum	f16_sum
-735.018072245	-3875.32465696

real	0m2.685s
user	0m2.261s
sys	0m0.424s
+ ./bin/tsv-summarize -H --sum 4,5 ./TREE_GRM_ESTN.tsv
PLT_CN_sum	TRE_CN_sum
6.26982775899e+21	9.02202386885e+21

real	0m5.975s
user	0m5.313s
sys	0m0.662s
+ frawk -icsv '{sum1 += $6; sum2 += $18;} END { print sum1,sum2}' ./all_train.csv
-735.0180722446389 -3875.324656955831

real	0m7.525s
user	0m6.852s
sys	0m0.669s
+ frawk -icsv '{sum1 += $4; sum2 += $5;} END { print sum1,sum2}' ./TREE_GRM_ESTN.csv
6.269827758986838e21 9.022023868854687e21

real	0m17.228s
user	0m16.080s
sys	0m1.145s
+ frawk -itsv '{sum1 += $6; sum2 += $18;} END { print sum1,sum2}' ./all_train.tsv
-735.0180722446389 -3875.324656955831

real	0m7.296s
user	0m6.645s
sys	0m0.648s
+ frawk -itsv '{sum1 += $4; sum2 += $5;} END { print sum1,sum2}' ./TREE_GRM_ESTN.tsv
6.269827758986838e21 9.022023868854687e21

real	0m14.096s
user	0m13.064s
sys	0m1.030s
+ set +x
+ mawk -F, '{sum1 += $6; sum2 += $18;} END { print sum1,sum2}' ./all_train.csv
-735.018 -3875.32

real	0m11.003s
user	0m9.914s
sys	0m1.085s
+ mawk '-F\t' '{sum1 += $4; sum2 += $5;} END { print sum1,sum2}' ./TREE_GRM_ESTN.tsv
6.26983e+21 9.02202e+21

real	0m42.548s
user	0m41.009s
sys	0m1.533s
+ mawk '-F\t' '{sum1 += $6; sum2 += $18;} END { print sum1,sum2}' ./all_train.tsv
-735.018 -3875.32

real	0m10.926s
user	0m9.864s
sys	0m1.058s
+ gawk -F, '{sum1 += $6; sum2 += $18;} END { print sum1,sum2}' ./all_train.csv
-735.018 -3875.32

real	0m25.809s
user	0m24.908s
sys	0m0.899s
+ gawk '-F\t' '{sum1 += $6; sum2 += $18;} END { print sum1,sum2}' ./all_train.tsv
-735.018 -3875.32

real	0m25.828s
user	0m24.943s
sys	0m0.880s
+ gawk '-F\t' '{sum1 += $4; sum2 += $5;} END { print sum1,sum2}' ./TREE_GRM_ESTN.tsv
6269827758986837884928 9022023868854687498240

real	0m24.128s
user	0m22.777s
sys	0m1.347s
+ ./bin/tsv-summarize -H --sum 6,18 ./all_train.tsv
f4_sum	f16_sum
-735.018072245	-3875.32465696

real	0m2.663s
user	0m2.241s
sys	0m0.421s
+ ./bin/tsv-summarize -H --sum 4,5 ./TREE_GRM_ESTN.tsv
PLT_CN_sum	TRE_CN_sum
6.26982775899e+21	9.02202386885e+21

real	0m5.996s
user	0m5.326s
sys	0m0.670s
+ frawk -icsv '{sum1 += $6; sum2 += $18;} END { print sum1,sum2}' ./all_train.csv
-735.0180722446389 -3875.324656955831

real	0m7.598s
user	0m6.922s
sys	0m0.676s
+ frawk -icsv '{sum1 += $4; sum2 += $5;} END { print sum1,sum2}' ./TREE_GRM_ESTN.csv
6.269827758986838e21 9.022023868854687e21

real	0m17.204s
user	0m16.087s
sys	0m1.134s
+ frawk -itsv '{sum1 += $6; sum2 += $18;} END { print sum1,sum2}' ./all_train.tsv
-735.0180722446389 -3875.324656955831

real	0m7.385s
user	0m6.718s
sys	0m0.667s
+ frawk -itsv '{sum1 += $4; sum2 += $5;} END { print sum1,sum2}' ./TREE_GRM_ESTN.tsv
6.269827758986838e21 9.022023868854687e21

real	0m14.180s
user	0m13.142s
sys	0m1.038s
+ set +x
+ mawk -F, '{sum1 += $6; sum2 += $18;} END { print sum1,sum2}' ./all_train.csv
-735.018 -3875.32

real	0m10.930s
user	0m9.865s
sys	0m1.063s
+ mawk '-F\t' '{sum1 += $4; sum2 += $5;} END { print sum1,sum2}' ./TREE_GRM_ESTN.tsv
6.26983e+21 9.02202e+21

real	0m42.633s
user	0m41.094s
sys	0m1.534s
+ mawk '-F\t' '{sum1 += $6; sum2 += $18;} END { print sum1,sum2}' ./all_train.tsv
-735.018 -3875.32

real	0m11.165s
user	0m10.121s
sys	0m1.040s
+ gawk -F, '{sum1 += $6; sum2 += $18;} END { print sum1,sum2}' ./all_train.csv
-735.018 -3875.32

real	0m25.858s
user	0m24.960s
sys	0m0.893s
+ gawk '-F\t' '{sum1 += $6; sum2 += $18;} END { print sum1,sum2}' ./all_train.tsv
-735.018 -3875.32

real	0m25.825s
user	0m24.939s
sys	0m0.882s
+ gawk '-F\t' '{sum1 += $4; sum2 += $5;} END { print sum1,sum2}' ./TREE_GRM_ESTN.tsv
6269827758986837884928 9022023868854687498240

real	0m24.084s
user	0m22.729s
sys	0m1.349s
+ ./bin/tsv-summarize -H --sum 6,18 ./all_train.tsv
f4_sum	f16_sum
-735.018072245	-3875.32465696

real	0m2.698s
user	0m2.269s
sys	0m0.428s
+ ./bin/tsv-summarize -H --sum 4,5 ./TREE_GRM_ESTN.tsv
PLT_CN_sum	TRE_CN_sum
6.26982775899e+21	9.02202386885e+21

real	0m5.975s
user	0m5.314s
sys	0m0.661s
+ frawk -icsv '{sum1 += $6; sum2 += $18;} END { print sum1,sum2}' ./all_train.csv
-735.0180722446389 -3875.324656955831

real	0m7.547s
user	0m6.866s
sys	0m0.677s
+ frawk -icsv '{sum1 += $4; sum2 += $5;} END { print sum1,sum2}' ./TREE_GRM_ESTN.csv
6.269827758986838e21 9.022023868854687e21

real	0m17.236s
user	0m16.094s
sys	0m1.139s
+ frawk -itsv '{sum1 += $6; sum2 += $18;} END { print sum1,sum2}' ./all_train.tsv
-735.0180722446389 -3875.324656955831

real	0m7.330s
user	0m6.673s
sys	0m0.655s
+ frawk -itsv '{sum1 += $4; sum2 += $5;} END { print sum1,sum2}' ./TREE_GRM_ESTN.tsv
6.269827758986838e21 9.022023868854687e21

real	0m14.080s
user	0m13.045s
sys	0m1.032s
+ set +x
